============================= test session starts ==============================
platform darwin -- Python 3.9.6, pytest-8.4.0, pluggy-1.6.0
rootdir: /Users/investlink/work/Diplom_1
plugins: cov-6.1.1
collected 18 items

tests/test_bun.py ..                                                     [ 11%]
tests/test_burger.py ...........                                         [ 72%]
tests/test_database.py ..                                                [ 83%]
tests/test_ingredient.py ...                                             [100%]

================================ tests coverage ================================
_______________ coverage: platform darwin, python 3.9.6-final-0 ________________

Name                            Stmts   Miss  Cover
---------------------------------------------------
praktikum/__init__.py               0      0   100%
praktikum/bun.py                    8      0   100%
praktikum/burger.py                27      0   100%
praktikum/database.py              21      0   100%
praktikum/ingredient.py            11      0   100%
praktikum/ingredient_types.py       2      0   100%
praktikum/praktikum.py              0      0   100%
---------------------------------------------------
TOTAL                              69      0   100%
============================== 18 passed in 0.06s ==============================
